<?xml version="1.0" encoding="UTF-8"?>
<testng-results skipped="0" failed="0" ignored="0" total="1" passed="1">
  <reporter-output>
  </reporter-output>
  <suite name="Suite" duration-ms="15690" started-at="2020-10-16T11:59:34 IST" finished-at="2020-10-16T11:59:49 IST">
    <groups>
    </groups>
    <test name="Tests" duration-ms="15690" started-at="2020-10-16T11:59:34 IST" finished-at="2020-10-16T11:59:49 IST">
      <class name="com.ibm.pom.tests.AlertsTest">
        <test-method status="PASS" signature="setup()[pri:0, instance:com.ibm.pom.tests.AlertsTest@1f554b06]" name="setup" is-config="true" duration-ms="10028" started-at="2020-10-16T11:59:34 IST" finished-at="2020-10-16T11:59:44 IST">
          <reporter-output>
          </reporter-output>
        </test-method> <!-- setup -->
        <test-method status="PASS" signature="triggerSimpleAlert()[pri:0, instance:com.ibm.pom.tests.AlertsTest@1f554b06]" name="triggerSimpleAlert" duration-ms="2816" started-at="2020-10-16T11:59:44 IST" finished-at="2020-10-16T11:59:47 IST">
          <reporter-output>
          </reporter-output>
        </test-method> <!-- triggerSimpleAlert -->
        <test-method status="PASS" signature="teardown()[pri:0, instance:com.ibm.pom.tests.AlertsTest@1f554b06]" name="teardown" is-config="true" duration-ms="2729" started-at="2020-10-16T11:59:47 IST" finished-at="2020-10-16T11:59:49 IST">
          <reporter-output>
          </reporter-output>
        </test-method> <!-- teardown -->
      </class> <!-- com.ibm.pom.tests.AlertsTest -->
    </test> <!-- Tests -->
  </suite> <!-- Suite -->
</testng-results>
